This file contains any messages produced by compilers while
running configure, to aid debugging if configure makes a mistake.

It was created by Cilk Runtime configure 2.0, which was
generated by GNU Autoconf 2.67.  Invocation command line was

  $ ./configure 

## --------- ##
## Platform. ##
## --------- ##

hostname = halothane
uname -m = x86_64
uname -r = 2.6.32-5-amd64
uname -s = Linux
uname -v = #1 SMP Fri May 10 08:43:19 UTC 2013

/usr/bin/uname -p = unknown
/bin/uname -X     = unknown

/bin/arch              = unknown
/usr/bin/arch -k       = unknown
/usr/convex/getsysinfo = unknown
/usr/bin/hostinfo      = unknown
/bin/machine           = unknown
/usr/bin/oslevel       = unknown
/bin/universe          = unknown

PATH: /opt/intel/composer_xe_2013.3.163/bin/intel64
PATH: /opt/intel/composer_xe_2013.3.163/mpirt/bin/intel64
PATH: /opt/intel/composer_xe_2013.3.163/bin/intel64
PATH: /opt/intel/composer_xe_2013.3.163/bin/intel64_mic
PATH: /opt/intel/composer_xe_2013.3.163/debugger/gui/intel64
PATH: /afs/csail.mit.edu/proj/courses/6.172/tools/valgrind/bin
PATH: /afs/csail.mit.edu/proj/courses/6.172/cilkplus-4_8-install/bin
PATH: /afs/csail.mit.edu/proj/courses/6.172/bin
PATH: /afs/csail.mit.edu/system/amd64_linux26/matlab/latest/bin
PATH: /usr/local/csail/bin
PATH: /usr/local/bin
PATH: /usr/bin
PATH: /bin
PATH: /usr/bin/X11
PATH: /usr/games
PATH: /afs/csail.mit.edu/proj/courses/6.172/cilkutil/bin
PATH: /usr/local/bin
PATH: /usr/local/sbin


## ----------- ##
## Core tests. ##
## ----------- ##

configure:2394: checking for a BSD-compatible install
configure:2462: result: /usr/bin/install -c
configure:2473: checking whether build environment is sane
configure:2523: result: yes
configure:2664: checking for a thread-safe mkdir -p
configure:2703: result: /bin/mkdir -p
configure:2716: checking for gawk
configure:2732: found /usr/bin/gawk
configure:2743: result: gawk
configure:2754: checking whether make sets $(MAKE)
configure:2776: result: yes
configure:2853: checking build system type
configure:2867: result: x86_64-unknown-linux-gnu
configure:2887: checking host system type
configure:2900: result: x86_64-unknown-linux-gnu
configure:3335: checking for C++ compiler version
configure:3344: /afs/csail.mit.edu/proj/courses/6.172/cilkplus-4_8-install/bin/g++ --version >&5
g++ (GCC) 4.8.1 20130520 (prerelease)
Copyright (C) 2013 Free Software Foundation, Inc.
This is free software; see the source for copying conditions.  There is NO
warranty; not even for MERCHANTABILITY or FITNESS FOR A PARTICULAR PURPOSE.

configure:3355: $? = 0
configure:3344: /afs/csail.mit.edu/proj/courses/6.172/cilkplus-4_8-install/bin/g++ -v >&5
Using built-in specs.
COLLECT_GCC=/afs/csail.mit.edu/proj/courses/6.172/cilkplus-4_8-install/bin/g++
COLLECT_LTO_WRAPPER=/afs/csail.mit.edu/proj/courses/6.172/cilkplus-4_8-install/bin/../libexec/gcc/x86_64-unknown-linux-gnu/4.8.1/lto-wrapper
Target: x86_64-unknown-linux-gnu
Configured with: ../cilkplus-4_8-branch-gcc/configure --prefix=/export/users/gcc-svn/install_dir/cilkplus-4_8-install
Thread model: posix
gcc version 4.8.1 20130520 (prerelease) (GCC) 
configure:3355: $? = 0
configure:3344: /afs/csail.mit.edu/proj/courses/6.172/cilkplus-4_8-install/bin/g++ -V >&5
g++: error: unrecognized command line option '-V'
g++: fatal error: no input files
compilation terminated.
configure:3355: $? = 1
configure:3344: /afs/csail.mit.edu/proj/courses/6.172/cilkplus-4_8-install/bin/g++ -qversion >&5
g++: error: unrecognized command line option '-qversion'
g++: fatal error: no input files
compilation terminated.
configure:3355: $? = 1
configure:3375: checking whether the C++ compiler works
configure:3397: /afs/csail.mit.edu/proj/courses/6.172/cilkplus-4_8-install/bin/g++    conftest.cpp  >&5
configure:3401: $? = 0
configure:3449: result: yes
configure:3452: checking for C++ compiler default output file name
configure:3454: result: a.out
configure:3460: checking for suffix of executables
configure:3467: /afs/csail.mit.edu/proj/courses/6.172/cilkplus-4_8-install/bin/g++ -o conftest    conftest.cpp  >&5
configure:3471: $? = 0
configure:3493: result: 
configure:3515: checking whether we are cross compiling
configure:3523: /afs/csail.mit.edu/proj/courses/6.172/cilkplus-4_8-install/bin/g++ -o conftest    conftest.cpp  >&5
configure:3527: $? = 0
configure:3534: ./conftest
configure:3538: $? = 0
configure:3553: result: no
configure:3558: checking for suffix of object files
configure:3580: /afs/csail.mit.edu/proj/courses/6.172/cilkplus-4_8-install/bin/g++ -c   conftest.cpp >&5
configure:3584: $? = 0
configure:3605: result: o
configure:3609: checking whether we are using the GNU C++ compiler
configure:3628: /afs/csail.mit.edu/proj/courses/6.172/cilkplus-4_8-install/bin/g++ -c   conftest.cpp >&5
configure:3628: $? = 0
configure:3637: result: yes
configure:3646: checking whether /afs/csail.mit.edu/proj/courses/6.172/cilkplus-4_8-install/bin/g++ accepts -g
configure:3666: /afs/csail.mit.edu/proj/courses/6.172/cilkplus-4_8-install/bin/g++ -c -g  conftest.cpp >&5
configure:3666: $? = 0
configure:3707: result: yes
configure:3741: checking for style of include used by make
configure:3769: result: GNU
configure:3794: checking dependency style of /afs/csail.mit.edu/proj/courses/6.172/cilkplus-4_8-install/bin/g++
configure:3904: result: gcc3
configure:3967: checking for gcc
configure:3994: result: /afs/csail.mit.edu/proj/courses/6.172/cilkplus-4_8-install/bin/gcc
configure:4223: checking for C compiler version
configure:4232: /afs/csail.mit.edu/proj/courses/6.172/cilkplus-4_8-install/bin/gcc --version >&5
gcc (GCC) 4.8.1 20130520 (prerelease)
Copyright (C) 2013 Free Software Foundation, Inc.
This is free software; see the source for copying conditions.  There is NO
warranty; not even for MERCHANTABILITY or FITNESS FOR A PARTICULAR PURPOSE.

configure:4243: $? = 0
configure:4232: /afs/csail.mit.edu/proj/courses/6.172/cilkplus-4_8-install/bin/gcc -v >&5
Using built-in specs.
COLLECT_GCC=/afs/csail.mit.edu/proj/courses/6.172/cilkplus-4_8-install/bin/gcc
COLLECT_LTO_WRAPPER=/afs/csail.mit.edu/proj/courses/6.172/cilkplus-4_8-install/bin/../libexec/gcc/x86_64-unknown-linux-gnu/4.8.1/lto-wrapper
Target: x86_64-unknown-linux-gnu
Configured with: ../cilkplus-4_8-branch-gcc/configure --prefix=/export/users/gcc-svn/install_dir/cilkplus-4_8-install
Thread model: posix
gcc version 4.8.1 20130520 (prerelease) (GCC) 
configure:4243: $? = 0
configure:4232: /afs/csail.mit.edu/proj/courses/6.172/cilkplus-4_8-install/bin/gcc -V >&5
gcc: error: unrecognized command line option '-V'
gcc: fatal error: no input files
compilation terminated.
configure:4243: $? = 1
configure:4232: /afs/csail.mit.edu/proj/courses/6.172/cilkplus-4_8-install/bin/gcc -qversion >&5
gcc: error: unrecognized command line option '-qversion'
gcc: fatal error: no input files
compilation terminated.
configure:4243: $? = 1
configure:4247: checking whether we are using the GNU C compiler
configure:4266: /afs/csail.mit.edu/proj/courses/6.172/cilkplus-4_8-install/bin/gcc -c   conftest.c >&5
configure:4266: $? = 0
configure:4275: result: yes
configure:4284: checking whether /afs/csail.mit.edu/proj/courses/6.172/cilkplus-4_8-install/bin/gcc accepts -g
configure:4304: /afs/csail.mit.edu/proj/courses/6.172/cilkplus-4_8-install/bin/gcc -c -g  conftest.c >&5
configure:4304: $? = 0
configure:4345: result: yes
configure:4362: checking for /afs/csail.mit.edu/proj/courses/6.172/cilkplus-4_8-install/bin/gcc option to accept ISO C89
configure:4426: /afs/csail.mit.edu/proj/courses/6.172/cilkplus-4_8-install/bin/gcc  -c -g -O2  conftest.c >&5
configure:4426: $? = 0
configure:4439: result: none needed
configure:4461: checking dependency style of /afs/csail.mit.edu/proj/courses/6.172/cilkplus-4_8-install/bin/gcc
configure:4571: result: gcc3
configure:4611: checking for a sed that does not truncate output
configure:4675: result: /bin/sed
configure:4693: checking for grep that handles long lines and -e
configure:4751: result: /bin/grep
configure:4756: checking for egrep
configure:4818: result: /bin/grep -E
configure:4823: checking for fgrep
configure:4885: result: /bin/grep -F
configure:4920: checking for ld used by /afs/csail.mit.edu/proj/courses/6.172/cilkplus-4_8-install/bin/gcc
configure:4987: result: /usr/bin/ld
configure:4994: checking if the linker (/usr/bin/ld) is GNU ld
configure:5009: result: yes
configure:5021: checking for BSD- or MS-compatible name lister (nm)
configure:5070: result: /usr/bin/nm -B
configure:5188: checking the name lister (/usr/bin/nm -B) interface
configure:5195: /afs/csail.mit.edu/proj/courses/6.172/cilkplus-4_8-install/bin/gcc -c -g -O2  conftest.c >&5
configure:5198: /usr/bin/nm -B "conftest.o"
configure:5201: output
0000000000000000 B some_variable
configure:5208: result: BSD nm
configure:5211: checking whether ln -s works
configure:5215: result: yes
configure:5223: checking the maximum length of command line arguments
configure:5343: result: 1572864
configure:5360: checking whether the shell understands some XSI constructs
configure:5370: result: yes
configure:5374: checking whether the shell understands "+="
configure:5380: result: yes
configure:5415: checking for /usr/bin/ld option to reload object files
configure:5422: result: -r
configure:5491: checking for objdump
configure:5518: result: objdump
configure:5547: checking how to recognize dependent libraries
configure:5743: result: pass_all
configure:5803: checking for ar
configure:5819: found /usr/bin/ar
configure:5830: result: ar
configure:5908: checking for strip
configure:5924: found /usr/bin/strip
configure:5935: result: strip
configure:6007: checking for ranlib
configure:6023: found /usr/bin/ranlib
configure:6034: result: ranlib
configure:6124: checking command to parse /usr/bin/nm -B output from /afs/csail.mit.edu/proj/courses/6.172/cilkplus-4_8-install/bin/gcc object
configure:6242: /afs/csail.mit.edu/proj/courses/6.172/cilkplus-4_8-install/bin/gcc -c -g -O2  conftest.c >&5
configure:6245: $? = 0
configure:6249: /usr/bin/nm -B conftest.o \| sed -n -e 's/^.*[	 ]\([ABCDGIRSTW][ABCDGIRSTW]*\)[	 ][	 ]*\([_A-Za-z][_A-Za-z0-9]*\)$/\1 \2 \2/p' \> conftest.nm
configure:6252: $? = 0
configure:6306: /afs/csail.mit.edu/proj/courses/6.172/cilkplus-4_8-install/bin/gcc -o conftest -g -O2   conftest.c conftstm.o >&5
configure:6309: $? = 0
configure:6347: result: ok
configure:6443: /afs/csail.mit.edu/proj/courses/6.172/cilkplus-4_8-install/bin/gcc -c -g -O2  conftest.c >&5
configure:6446: $? = 0
configure:7156: checking how to run the C preprocessor
configure:7187: /afs/csail.mit.edu/proj/courses/6.172/cilkplus-4_8-install/bin/gcc -E  conftest.c
configure:7187: $? = 0
configure:7201: /afs/csail.mit.edu/proj/courses/6.172/cilkplus-4_8-install/bin/gcc -E  conftest.c
conftest.c:9:28: fatal error: ac_nonexistent.h: No such file or directory
 #include <ac_nonexistent.h>
                            ^
compilation terminated.
configure:7201: $? = 1
configure: failed program was:
| /* confdefs.h */
| #define PACKAGE_NAME "Cilk Runtime"
| #define PACKAGE_TARNAME "cilk-runtime"
| #define PACKAGE_VERSION "2.0"
| #define PACKAGE_STRING "Cilk Runtime 2.0"
| #define PACKAGE_BUGREPORT "cilk@intel.com"
| #define PACKAGE_URL ""
| /* end confdefs.h.  */
| #include <ac_nonexistent.h>
configure:7226: result: /afs/csail.mit.edu/proj/courses/6.172/cilkplus-4_8-install/bin/gcc -E
configure:7246: /afs/csail.mit.edu/proj/courses/6.172/cilkplus-4_8-install/bin/gcc -E  conftest.c
configure:7246: $? = 0
configure:7260: /afs/csail.mit.edu/proj/courses/6.172/cilkplus-4_8-install/bin/gcc -E  conftest.c
conftest.c:9:28: fatal error: ac_nonexistent.h: No such file or directory
 #include <ac_nonexistent.h>
                            ^
compilation terminated.
configure:7260: $? = 1
configure: failed program was:
| /* confdefs.h */
| #define PACKAGE_NAME "Cilk Runtime"
| #define PACKAGE_TARNAME "cilk-runtime"
| #define PACKAGE_VERSION "2.0"
| #define PACKAGE_STRING "Cilk Runtime 2.0"
| #define PACKAGE_BUGREPORT "cilk@intel.com"
| #define PACKAGE_URL ""
| /* end confdefs.h.  */
| #include <ac_nonexistent.h>
configure:7289: checking for ANSI C header files
configure:7309: /afs/csail.mit.edu/proj/courses/6.172/cilkplus-4_8-install/bin/gcc -c -g -O2  conftest.c >&5
configure:7309: $? = 0
configure:7382: /afs/csail.mit.edu/proj/courses/6.172/cilkplus-4_8-install/bin/gcc -o conftest -g -O2   conftest.c  >&5
configure:7382: $? = 0
configure:7382: ./conftest
configure:7382: $? = 0
configure:7393: result: yes
configure:7406: checking for sys/types.h
configure:7406: /afs/csail.mit.edu/proj/courses/6.172/cilkplus-4_8-install/bin/gcc -c -g -O2  conftest.c >&5
configure:7406: $? = 0
configure:7406: result: yes
configure:7406: checking for sys/stat.h
configure:7406: /afs/csail.mit.edu/proj/courses/6.172/cilkplus-4_8-install/bin/gcc -c -g -O2  conftest.c >&5
configure:7406: $? = 0
configure:7406: result: yes
configure:7406: checking for stdlib.h
configure:7406: /afs/csail.mit.edu/proj/courses/6.172/cilkplus-4_8-install/bin/gcc -c -g -O2  conftest.c >&5
configure:7406: $? = 0
configure:7406: result: yes
configure:7406: checking for string.h
configure:7406: /afs/csail.mit.edu/proj/courses/6.172/cilkplus-4_8-install/bin/gcc -c -g -O2  conftest.c >&5
configure:7406: $? = 0
configure:7406: result: yes
configure:7406: checking for memory.h
configure:7406: /afs/csail.mit.edu/proj/courses/6.172/cilkplus-4_8-install/bin/gcc -c -g -O2  conftest.c >&5
configure:7406: $? = 0
configure:7406: result: yes
configure:7406: checking for strings.h
configure:7406: /afs/csail.mit.edu/proj/courses/6.172/cilkplus-4_8-install/bin/gcc -c -g -O2  conftest.c >&5
configure:7406: $? = 0
configure:7406: result: yes
configure:7406: checking for inttypes.h
configure:7406: /afs/csail.mit.edu/proj/courses/6.172/cilkplus-4_8-install/bin/gcc -c -g -O2  conftest.c >&5
configure:7406: $? = 0
configure:7406: result: yes
configure:7406: checking for stdint.h
configure:7406: /afs/csail.mit.edu/proj/courses/6.172/cilkplus-4_8-install/bin/gcc -c -g -O2  conftest.c >&5
configure:7406: $? = 0
configure:7406: result: yes
configure:7406: checking for unistd.h
configure:7406: /afs/csail.mit.edu/proj/courses/6.172/cilkplus-4_8-install/bin/gcc -c -g -O2  conftest.c >&5
configure:7406: $? = 0
configure:7406: result: yes
configure:7420: checking for dlfcn.h
configure:7420: /afs/csail.mit.edu/proj/courses/6.172/cilkplus-4_8-install/bin/gcc -c -g -O2  conftest.c >&5
configure:7420: $? = 0
configure:7420: result: yes
configure:7545: checking for C++ compiler version
configure:7554: /afs/csail.mit.edu/proj/courses/6.172/cilkplus-4_8-install/bin/g++ --version >&5
g++ (GCC) 4.8.1 20130520 (prerelease)
Copyright (C) 2013 Free Software Foundation, Inc.
This is free software; see the source for copying conditions.  There is NO
warranty; not even for MERCHANTABILITY or FITNESS FOR A PARTICULAR PURPOSE.

configure:7565: $? = 0
configure:7554: /afs/csail.mit.edu/proj/courses/6.172/cilkplus-4_8-install/bin/g++ -v >&5
Using built-in specs.
COLLECT_GCC=/afs/csail.mit.edu/proj/courses/6.172/cilkplus-4_8-install/bin/g++
COLLECT_LTO_WRAPPER=/afs/csail.mit.edu/proj/courses/6.172/cilkplus-4_8-install/bin/../libexec/gcc/x86_64-unknown-linux-gnu/4.8.1/lto-wrapper
Target: x86_64-unknown-linux-gnu
Configured with: ../cilkplus-4_8-branch-gcc/configure --prefix=/export/users/gcc-svn/install_dir/cilkplus-4_8-install
Thread model: posix
gcc version 4.8.1 20130520 (prerelease) (GCC) 
configure:7565: $? = 0
configure:7554: /afs/csail.mit.edu/proj/courses/6.172/cilkplus-4_8-install/bin/g++ -V >&5
g++: error: unrecognized command line option '-V'
g++: fatal error: no input files
compilation terminated.
configure:7565: $? = 1
configure:7554: /afs/csail.mit.edu/proj/courses/6.172/cilkplus-4_8-install/bin/g++ -qversion >&5
g++: error: unrecognized command line option '-qversion'
g++: fatal error: no input files
compilation terminated.
configure:7565: $? = 1
configure:7569: checking whether we are using the GNU C++ compiler
configure:7597: result: yes
configure:7606: checking whether /afs/csail.mit.edu/proj/courses/6.172/cilkplus-4_8-install/bin/g++ accepts -g
configure:7667: result: yes
configure:7692: checking dependency style of /afs/csail.mit.edu/proj/courses/6.172/cilkplus-4_8-install/bin/g++
configure:7802: result: gcc3
configure:7825: checking how to run the C++ preprocessor
configure:7852: /afs/csail.mit.edu/proj/courses/6.172/cilkplus-4_8-install/bin/g++ -E  conftest.cpp
configure:7852: $? = 0
configure:7866: /afs/csail.mit.edu/proj/courses/6.172/cilkplus-4_8-install/bin/g++ -E  conftest.cpp
conftest.cpp:20:28: fatal error: ac_nonexistent.h: No such file or directory
 #include <ac_nonexistent.h>
                            ^
compilation terminated.
configure:7866: $? = 1
configure: failed program was:
| /* confdefs.h */
| #define PACKAGE_NAME "Cilk Runtime"
| #define PACKAGE_TARNAME "cilk-runtime"
| #define PACKAGE_VERSION "2.0"
| #define PACKAGE_STRING "Cilk Runtime 2.0"
| #define PACKAGE_BUGREPORT "cilk@intel.com"
| #define PACKAGE_URL ""
| #define STDC_HEADERS 1
| #define HAVE_SYS_TYPES_H 1
| #define HAVE_SYS_STAT_H 1
| #define HAVE_STDLIB_H 1
| #define HAVE_STRING_H 1
| #define HAVE_MEMORY_H 1
| #define HAVE_STRINGS_H 1
| #define HAVE_INTTYPES_H 1
| #define HAVE_STDINT_H 1
| #define HAVE_UNISTD_H 1
| #define HAVE_DLFCN_H 1
| /* end confdefs.h.  */
| #include <ac_nonexistent.h>
configure:7891: result: /afs/csail.mit.edu/proj/courses/6.172/cilkplus-4_8-install/bin/g++ -E
configure:7911: /afs/csail.mit.edu/proj/courses/6.172/cilkplus-4_8-install/bin/g++ -E  conftest.cpp
configure:7911: $? = 0
configure:7925: /afs/csail.mit.edu/proj/courses/6.172/cilkplus-4_8-install/bin/g++ -E  conftest.cpp
conftest.cpp:20:28: fatal error: ac_nonexistent.h: No such file or directory
 #include <ac_nonexistent.h>
                            ^
compilation terminated.
configure:7925: $? = 1
configure: failed program was:
| /* confdefs.h */
| #define PACKAGE_NAME "Cilk Runtime"
| #define PACKAGE_TARNAME "cilk-runtime"
| #define PACKAGE_VERSION "2.0"
| #define PACKAGE_STRING "Cilk Runtime 2.0"
| #define PACKAGE_BUGREPORT "cilk@intel.com"
| #define PACKAGE_URL ""
| #define STDC_HEADERS 1
| #define HAVE_SYS_TYPES_H 1
| #define HAVE_SYS_STAT_H 1
| #define HAVE_STDLIB_H 1
| #define HAVE_STRING_H 1
| #define HAVE_MEMORY_H 1
| #define HAVE_STRINGS_H 1
| #define HAVE_INTTYPES_H 1
| #define HAVE_STDINT_H 1
| #define HAVE_UNISTD_H 1
| #define HAVE_DLFCN_H 1
| /* end confdefs.h.  */
| #include <ac_nonexistent.h>
configure:8129: checking for objdir
configure:8144: result: .libs
configure:8436: checking if /afs/csail.mit.edu/proj/courses/6.172/cilkplus-4_8-install/bin/gcc supports -fno-rtti -fno-exceptions
configure:8454: /afs/csail.mit.edu/proj/courses/6.172/cilkplus-4_8-install/bin/gcc -c -g -O2  -fno-rtti -fno-exceptions conftest.c >&5
cc1: warning: command line option '-fno-rtti' is valid for C++/ObjC++ but not for C [enabled by default]
configure:8458: $? = 0
configure:8471: result: no
configure:8491: checking for /afs/csail.mit.edu/proj/courses/6.172/cilkplus-4_8-install/bin/gcc option to produce PIC
configure:8763: result: -fPIC -DPIC
configure:8775: checking if /afs/csail.mit.edu/proj/courses/6.172/cilkplus-4_8-install/bin/gcc PIC flag -fPIC -DPIC works
configure:8793: /afs/csail.mit.edu/proj/courses/6.172/cilkplus-4_8-install/bin/gcc -c -g -O2  -fPIC -DPIC -DPIC conftest.c >&5
configure:8797: $? = 0
configure:8810: result: yes
configure:8834: checking if /afs/csail.mit.edu/proj/courses/6.172/cilkplus-4_8-install/bin/gcc static flag -static works
configure:8862: result: yes
configure:8877: checking if /afs/csail.mit.edu/proj/courses/6.172/cilkplus-4_8-install/bin/gcc supports -c -o file.o
configure:8898: /afs/csail.mit.edu/proj/courses/6.172/cilkplus-4_8-install/bin/gcc -c -g -O2  -o out/conftest2.o conftest.c >&5
configure:8902: $? = 0
configure:8924: result: yes
configure:8932: checking if /afs/csail.mit.edu/proj/courses/6.172/cilkplus-4_8-install/bin/gcc supports -c -o file.o
configure:8979: result: yes
configure:9012: checking whether the /afs/csail.mit.edu/proj/courses/6.172/cilkplus-4_8-install/bin/gcc linker (/usr/bin/ld -m elf_x86_64) supports shared libraries
configure:10003: result: yes
configure:10040: checking whether -lc should be explicitly linked in
configure:10045: /afs/csail.mit.edu/proj/courses/6.172/cilkplus-4_8-install/bin/gcc -c -g -O2  conftest.c >&5
configure:10048: $? = 0
configure:10063: /afs/csail.mit.edu/proj/courses/6.172/cilkplus-4_8-install/bin/gcc -shared conftest.o  -v -Wl,-soname -Wl,conftest -o conftest 2\>\&1 \| /bin/grep  -lc  \>/dev/null 2\>\&1
configure:10066: $? = 0
configure:10078: result: no
configure:10242: checking dynamic linker characteristics
configure:10675: /afs/csail.mit.edu/proj/courses/6.172/cilkplus-4_8-install/bin/gcc -o conftest -g -O2   -Wl,-rpath -Wl,/foo conftest.c  >&5
configure:10675: $? = 0
configure:10905: result: GNU/Linux ld.so
configure:11007: checking how to hardcode library paths into programs
configure:11032: result: immediate
configure:11552: checking whether stripping libraries is possible
configure:11557: result: yes
configure:11592: checking if libtool supports shared libraries
configure:11594: result: yes
configure:11597: checking whether to build shared libraries
configure:11618: result: yes
configure:11621: checking whether to build static libraries
configure:11625: result: yes
configure:11775: checking for ld used by /afs/csail.mit.edu/proj/courses/6.172/cilkplus-4_8-install/bin/g++
configure:11842: result: /usr/bin/ld -m elf_x86_64
configure:11849: checking if the linker (/usr/bin/ld -m elf_x86_64) is GNU ld
configure:11864: result: yes
configure:11919: checking whether the /afs/csail.mit.edu/proj/courses/6.172/cilkplus-4_8-install/bin/g++ linker (/usr/bin/ld -m elf_x86_64) supports shared libraries
configure:12832: result: yes
configure:12860: /afs/csail.mit.edu/proj/courses/6.172/cilkplus-4_8-install/bin/g++ -c -g -O2  conftest.cpp >&5
configure:12863: $? = 0
configure:13045: checking for /afs/csail.mit.edu/proj/courses/6.172/cilkplus-4_8-install/bin/g++ option to produce PIC
configure:13362: result: -fPIC -DPIC
configure:13371: checking if /afs/csail.mit.edu/proj/courses/6.172/cilkplus-4_8-install/bin/g++ PIC flag -fPIC -DPIC works
configure:13389: /afs/csail.mit.edu/proj/courses/6.172/cilkplus-4_8-install/bin/g++ -c -g -O2  -fPIC -DPIC -DPIC conftest.cpp >&5
configure:13393: $? = 0
configure:13406: result: yes
configure:13427: checking if /afs/csail.mit.edu/proj/courses/6.172/cilkplus-4_8-install/bin/g++ static flag -static works
configure:13455: result: yes
configure:13467: checking if /afs/csail.mit.edu/proj/courses/6.172/cilkplus-4_8-install/bin/g++ supports -c -o file.o
configure:13488: /afs/csail.mit.edu/proj/courses/6.172/cilkplus-4_8-install/bin/g++ -c -g -O2  -o out/conftest2.o conftest.cpp >&5
configure:13492: $? = 0
configure:13514: result: yes
configure:13519: checking if /afs/csail.mit.edu/proj/courses/6.172/cilkplus-4_8-install/bin/g++ supports -c -o file.o
configure:13566: result: yes
configure:13596: checking whether the /afs/csail.mit.edu/proj/courses/6.172/cilkplus-4_8-install/bin/g++ linker (/usr/bin/ld -m elf_x86_64) supports shared libraries
configure:13625: result: yes
configure:13762: checking dynamic linker characteristics
configure:14143: /afs/csail.mit.edu/proj/courses/6.172/cilkplus-4_8-install/bin/g++ -o conftest -g -O2   -Wl,-rpath -Wl,/foo conftest.cpp  >&5
configure:14143: $? = 0
configure:14373: result: GNU/Linux ld.so
configure:14424: checking how to hardcode library paths into programs
configure:14449: result: immediate
configure:14673: creating ./config.status

## ---------------------- ##
## Running config.status. ##
## ---------------------- ##

This file was extended by Cilk Runtime config.status 2.0, which was
generated by GNU Autoconf 2.67.  Invocation command line was

  CONFIG_FILES    = 
  CONFIG_HEADERS  = 
  CONFIG_LINKS    = 
  CONFIG_COMMANDS = 
  $ ./config.status 

on halothane

config.status:1056: creating Makefile
config.status:1227: executing depfiles commands
config.status:1227: executing libtool commands

## ---------------- ##
## Cache variables. ##
## ---------------- ##

ac_cv_build=x86_64-unknown-linux-gnu
ac_cv_c_compiler_gnu=yes
ac_cv_cxx_compiler_gnu=yes
ac_cv_env_CCC_set=
ac_cv_env_CCC_value=
ac_cv_env_CC_set=set
ac_cv_env_CC_value=/afs/csail.mit.edu/proj/courses/6.172/cilkplus-4_8-install/bin/gcc
ac_cv_env_CFLAGS_set=
ac_cv_env_CFLAGS_value=
ac_cv_env_CPPFLAGS_set=
ac_cv_env_CPPFLAGS_value=
ac_cv_env_CPP_set=
ac_cv_env_CPP_value=
ac_cv_env_CXXCPP_set=
ac_cv_env_CXXCPP_value=
ac_cv_env_CXXFLAGS_set=
ac_cv_env_CXXFLAGS_value=
ac_cv_env_CXX_set=set
ac_cv_env_CXX_value=/afs/csail.mit.edu/proj/courses/6.172/cilkplus-4_8-install/bin/g++
ac_cv_env_LDFLAGS_set=
ac_cv_env_LDFLAGS_value=
ac_cv_env_LIBS_set=
ac_cv_env_LIBS_value=
ac_cv_env_build_alias_set=
ac_cv_env_build_alias_value=
ac_cv_env_host_alias_set=
ac_cv_env_host_alias_value=
ac_cv_env_target_alias_set=
ac_cv_env_target_alias_value=
ac_cv_header_dlfcn_h=yes
ac_cv_header_inttypes_h=yes
ac_cv_header_memory_h=yes
ac_cv_header_stdc=yes
ac_cv_header_stdint_h=yes
ac_cv_header_stdlib_h=yes
ac_cv_header_string_h=yes
ac_cv_header_strings_h=yes
ac_cv_header_sys_stat_h=yes
ac_cv_header_sys_types_h=yes
ac_cv_header_unistd_h=yes
ac_cv_host=x86_64-unknown-linux-gnu
ac_cv_objext=o
ac_cv_path_EGREP='/bin/grep -E'
ac_cv_path_FGREP='/bin/grep -F'
ac_cv_path_GREP=/bin/grep
ac_cv_path_SED=/bin/sed
ac_cv_path_install='/usr/bin/install -c'
ac_cv_path_mkdir=/bin/mkdir
ac_cv_prog_AWK=gawk
ac_cv_prog_CPP='/afs/csail.mit.edu/proj/courses/6.172/cilkplus-4_8-install/bin/gcc -E'
ac_cv_prog_CXXCPP='/afs/csail.mit.edu/proj/courses/6.172/cilkplus-4_8-install/bin/g++ -E'
ac_cv_prog_ac_ct_AR=ar
ac_cv_prog_ac_ct_CC=/afs/csail.mit.edu/proj/courses/6.172/cilkplus-4_8-install/bin/gcc
ac_cv_prog_ac_ct_OBJDUMP=objdump
ac_cv_prog_ac_ct_RANLIB=ranlib
ac_cv_prog_ac_ct_STRIP=strip
ac_cv_prog_cc_c89=
ac_cv_prog_cc_g=yes
ac_cv_prog_cxx_g=yes
ac_cv_prog_make_make_set=yes
am_cv_CC_dependencies_compiler_type=gcc3
am_cv_CXX_dependencies_compiler_type=gcc3
lt_cv_deplibs_check_method=pass_all
lt_cv_file_magic_cmd='$MAGIC_CMD'
lt_cv_file_magic_test_file=
lt_cv_ld_reload_flag=-r
lt_cv_nm_interface='BSD nm'
lt_cv_objdir=.libs
lt_cv_path_LD=/usr/bin/ld
lt_cv_path_LDCXX='/usr/bin/ld -m elf_x86_64'
lt_cv_path_NM='/usr/bin/nm -B'
lt_cv_prog_compiler_c_o=yes
lt_cv_prog_compiler_c_o_CXX=yes
lt_cv_prog_compiler_pic_works=yes
lt_cv_prog_compiler_pic_works_CXX=yes
lt_cv_prog_compiler_rtti_exceptions=no
lt_cv_prog_compiler_static_works=yes
lt_cv_prog_compiler_static_works_CXX=yes
lt_cv_prog_gnu_ld=yes
lt_cv_prog_gnu_ldcxx=yes
lt_cv_sys_global_symbol_pipe='sed -n -e '\''s/^.*[	 ]\([ABCDGIRSTW][ABCDGIRSTW]*\)[	 ][	 ]*\([_A-Za-z][_A-Za-z0-9]*\)$/\1 \2 \2/p'\'''
lt_cv_sys_global_symbol_to_c_name_address='sed -n -e '\''s/^: \([^ ]*\) $/  {\"\1\", (void *) 0},/p'\'' -e '\''s/^[ABCDGIRSTW]* \([^ ]*\) \([^ ]*\)$/  {"\2", (void *) \&\2},/p'\'''
lt_cv_sys_global_symbol_to_c_name_address_lib_prefix='sed -n -e '\''s/^: \([^ ]*\) $/  {\"\1\", (void *) 0},/p'\'' -e '\''s/^[ABCDGIRSTW]* \([^ ]*\) \(lib[^ ]*\)$/  {"\2", (void *) \&\2},/p'\'' -e '\''s/^[ABCDGIRSTW]* \([^ ]*\) \([^ ]*\)$/  {"lib\2", (void *) \&\2},/p'\'''
lt_cv_sys_global_symbol_to_cdecl='sed -n -e '\''s/^T .* \(.*\)$/extern int \1();/p'\'' -e '\''s/^[ABCDGIRSTW]* .* \(.*\)$/extern char \1;/p'\'''
lt_cv_sys_max_cmd_len=1572864

## ----------------- ##
## Output variables. ##
## ----------------- ##

ACLOCAL='${SHELL} /scratch/cilk_runtime/cilkplus-rtl-bsd-003613/missing --run aclocal-1.11'
AMDEPBACKSLASH='\'
AMDEP_FALSE='#'
AMDEP_TRUE=''
AMTAR='${SHELL} /scratch/cilk_runtime/cilkplus-rtl-bsd-003613/missing --run tar'
AR='ar'
AS='as'
AUTOCONF='${SHELL} /scratch/cilk_runtime/cilkplus-rtl-bsd-003613/missing --run autoconf'
AUTOHEADER='${SHELL} /scratch/cilk_runtime/cilkplus-rtl-bsd-003613/missing --run autoheader'
AUTOMAKE='${SHELL} /scratch/cilk_runtime/cilkplus-rtl-bsd-003613/missing --run automake-1.11'
AWK='gawk'
CC='/afs/csail.mit.edu/proj/courses/6.172/cilkplus-4_8-install/bin/gcc'
CCDEPMODE='depmode=gcc3'
CFLAGS='-g -O2'
CPP='/afs/csail.mit.edu/proj/courses/6.172/cilkplus-4_8-install/bin/gcc -E'
CPPFLAGS=''
CXX='/afs/csail.mit.edu/proj/courses/6.172/cilkplus-4_8-install/bin/g++'
CXXCPP='/afs/csail.mit.edu/proj/courses/6.172/cilkplus-4_8-install/bin/g++ -E'
CXXDEPMODE='depmode=gcc3'
CXXFLAGS='-g -O2'
CYGPATH_W='echo'
DEFS='-DPACKAGE_NAME=\"Cilk\ Runtime\" -DPACKAGE_TARNAME=\"cilk-runtime\" -DPACKAGE_VERSION=\"2.0\" -DPACKAGE_STRING=\"Cilk\ Runtime\ 2.0\" -DPACKAGE_BUGREPORT=\"cilk@intel.com\" -DPACKAGE_URL=\"\" -DSTDC_HEADERS=1 -DHAVE_SYS_TYPES_H=1 -DHAVE_SYS_STAT_H=1 -DHAVE_STDLIB_H=1 -DHAVE_STRING_H=1 -DHAVE_MEMORY_H=1 -DHAVE_STRINGS_H=1 -DHAVE_INTTYPES_H=1 -DHAVE_STDINT_H=1 -DHAVE_UNISTD_H=1 -DHAVE_DLFCN_H=1 -DLT_OBJDIR=\".libs/\"'
DEPDIR='.deps'
DLLTOOL='dlltool'
DSYMUTIL=''
DUMPBIN=''
ECHO_C=''
ECHO_N='-n'
ECHO_T=''
EGREP='/bin/grep -E'
EXEEXT=''
FGREP='/bin/grep -F'
GREP='/bin/grep'
INSTALL_DATA='${INSTALL} -m 644'
INSTALL_PROGRAM='${INSTALL}'
INSTALL_SCRIPT='${INSTALL}'
INSTALL_STRIP_PROGRAM='$(install_sh) -c -s'
LD='/usr/bin/ld -m elf_x86_64'
LDFLAGS=''
LIBOBJS=''
LIBS=''
LIBTOOL='$(SHELL) $(top_builddir)/libtool'
LIPO=''
LN_S='ln -s'
LTLIBOBJS=''
MAKEINFO='${SHELL} /scratch/cilk_runtime/cilkplus-rtl-bsd-003613/missing --run makeinfo'
MKDIR_P='/bin/mkdir -p'
NM='/usr/bin/nm -B'
NMEDIT=''
OBJDUMP='objdump'
OBJEXT='o'
OTOOL64=''
OTOOL=''
PACKAGE='cilk-runtime'
PACKAGE_BUGREPORT='cilk@intel.com'
PACKAGE_NAME='Cilk Runtime'
PACKAGE_STRING='Cilk Runtime 2.0'
PACKAGE_TARNAME='cilk-runtime'
PACKAGE_URL=''
PACKAGE_VERSION='2.0'
PATH_SEPARATOR=':'
RANLIB='ranlib'
SED='/bin/sed'
SET_MAKE=''
SHELL='/bin/bash'
STRIP='strip'
VERSION='2.0'
ac_ct_CC='/afs/csail.mit.edu/proj/courses/6.172/cilkplus-4_8-install/bin/gcc'
ac_ct_CXX=''
ac_ct_DUMPBIN=''
am__EXEEXT_FALSE=''
am__EXEEXT_TRUE='#'
am__fastdepCC_FALSE='#'
am__fastdepCC_TRUE=''
am__fastdepCXX_FALSE='#'
am__fastdepCXX_TRUE=''
am__include='include'
am__isrc=''
am__leading_dot='.'
am__quote=''
am__tar='${AMTAR} chof - "$$tardir"'
am__untar='${AMTAR} xf -'
bindir='${exec_prefix}/bin'
build='x86_64-unknown-linux-gnu'
build_alias=''
build_cpu='x86_64'
build_os='linux-gnu'
build_vendor='unknown'
datadir='${datarootdir}'
datarootdir='${prefix}/share'
docdir='${datarootdir}/doc/${PACKAGE_TARNAME}'
dvidir='${docdir}'
exec_prefix='${prefix}'
host='x86_64-unknown-linux-gnu'
host_alias=''
host_cpu='x86_64'
host_os='linux-gnu'
host_vendor='unknown'
htmldir='${docdir}'
includedir='${prefix}/include'
infodir='${datarootdir}/info'
install_sh='${SHELL} /scratch/cilk_runtime/cilkplus-rtl-bsd-003613/install-sh'
libdir='${exec_prefix}/lib'
libexecdir='${exec_prefix}/libexec'
localedir='${datarootdir}/locale'
localstatedir='${prefix}/var'
lt_ECHO='echo'
mandir='${datarootdir}/man'
mkdir_p='/bin/mkdir -p'
oldincludedir='/usr/include'
pdfdir='${docdir}'
prefix='/usr/local'
program_transform_name='s,x,x,'
psdir='${docdir}'
sbindir='${exec_prefix}/sbin'
sharedstatedir='${prefix}/com'
sysconfdir='${prefix}/etc'
target_alias=''

## ----------- ##
## confdefs.h. ##
## ----------- ##

/* confdefs.h */
#define PACKAGE_NAME "Cilk Runtime"
#define PACKAGE_TARNAME "cilk-runtime"
#define PACKAGE_VERSION "2.0"
#define PACKAGE_STRING "Cilk Runtime 2.0"
#define PACKAGE_BUGREPORT "cilk@intel.com"
#define PACKAGE_URL ""
#define STDC_HEADERS 1
#define HAVE_SYS_TYPES_H 1
#define HAVE_SYS_STAT_H 1
#define HAVE_STDLIB_H 1
#define HAVE_STRING_H 1
#define HAVE_MEMORY_H 1
#define HAVE_STRINGS_H 1
#define HAVE_INTTYPES_H 1
#define HAVE_STDINT_H 1
#define HAVE_UNISTD_H 1
#define HAVE_DLFCN_H 1
#define LT_OBJDIR ".libs/"

configure: exit 0
